# see NLSProcessor for description of value format
# If you change anything here, manually trigger re-compilation of IssueCodes


# The following message is intended for ES6 features that are implemented in N4JS but
# are not yet supported in current version of V8 or some other relevant runtime environment.
# 0: description of the feature that is not supported
UNSUPPORTED=error;;;Unsupported feature: {0}.

# 0: file names of files that contain errors
EXTERNAL_LIBRARY_ERRORS=error;;;External library error: {0}
# 0: file names of files that contain warnings
EXTERNAL_LIBRARY_WARNINGS=error;;;External library warning: {0}

# 0: kind of throwable ("error", "exception", or "throwable"), 1: simple name of throwable, 2: message of throwable
POST_PROCESSING_FAILED=error;;;{0} {1} thrown during post-processing (please report this!): {2}

# 0: namespace name, 1: import module name, that both occur multiple times in this combination
IMP_STMT_DUPLICATE_NAMESPACE=error;;;Duplicate namespace import statement with name {0} and imported module {1}.
# 0: imported element local name, 1: import module name, that both occur multiple times in this combination
IMP_STMT_DUPLICATE_NAMED=error;;;Duplicate named import statement with local name {0} and imported module {1}.
# 0: type1 imported name1, 1: import module name, 2: name under which type is already imported
IMP_DUPLICATE=error;;;{0} from {1} is already imported as {2}.
# 0: import module name, 1: namespace name already importing those elements
IMP_DUPLICATE_NAMESPACE=error;;;Elements of {0} are already imported in namespace {1}.
# 0: local name (import name, alias name or namespace name), 1: import module name, 2: name under which type is already imported
IMP_LOCAL_NAME_CONFLICT=error;;;Name {0} is already used as {1}.
# 0: type name, 1: alias name
IMP_PLAIN_ACCESS_OF_ALIASED_TYPE=error;;;{0} has been imported as {1}.
# 0: type name, 1: full name (namespace + '.' + type name)
IMP_PLAIN_ACCESS_OF_NAMESPACED_TYPE=error;;;{0} has been imported as {1}.
# 0: imported name
IMP_UNUSED_IMPORT=warning;;;The import of {0} is unused.
# 0: type import name
IMP_UNRESOLVED=error;;;Import of {0} cannot be resolved.
# Not necessary.
IMP_DISCOURAGED_PLACEMENT=warning;;;The import statement should be placed on top of other statements.


# 0: type or variable, 1: type name, 2: comma separated list of types - the sources of the imports
IMP_AMBIGUOUS=error;;;The {0} {1} is ambiguously imported from {2}.
# 0: type or variable, 1: type name, 2: comma separated list of types - the sources of the imports
IMP_AMBIGUOUS_WILDCARD=error;;;The {0} {1} is ambiguously imported from {2}.
# 0: imported type name, 1: qualified name of the module
IMP_CONFLICT=error;;;Conflicting import of {0} with import from {1}.
# 0: imported type1 name, 1: type1 alias, 2: type2 imported name, 3: type2 import module name
IMP_CONFLICT_ALIAS_TYPE=error;;;Conflicting import of {0} as {1}. Cannot import same type with different name ({2}) from {3}.
# 0: type1 imported name, 1: type2 alias, 2: type2 import module name
IMP_CONFLICT_ALIASES=error;;;Conflicting import of {0}. Cannot import same type with different name ({1}) from {2}.
# 0: type1 imported name1, that occur multiple times, 1: import module name
IMP_DUPLICATEX=error;;;Duplicate import of {0} in import from {1}.
# 0: type1 imported name1, 1: type1 imported name2, 2: import module name
IMP_DUPLICATE_ALIAS=error;;;Duplicate import of {0}, already defined as {1} in import from {2}.
# 0: module in wildcard specifier
IMP_EMPTY_WILDCARD_IMPORT=warning;;;The wild-card import from {0} doesn't import anything because nothing is exported there.
# 0: alias in namespace import
IMP_STATIC_NAMESPACE_IMPORT_PLAIN_JS=error;;;Use dynamic import in order to access elements of {0}.
# 0: alias in namespace import
IMP_DYNAMIC_NAMESPACE_IMPORT_N4JS=error;;;N4JS module {0} must not be imported dynamically.
# 0: alias in namespace import
IMP_DYNAMIC_NAMESPACE_IMPORT_N4JSD=warning;;;N4JSD module {0} should not be imported dynamically.
# no parameters required
IMP_DEFAULT_EXPORT_DUPLICATE=error;;;Duplicate default export.
# no parameters required
IMP_DEFAULT_EXPORT_WITH_VAR_LET_CONST=error;;;Default exports may not be used with var, let, or const.
# 0: local name of the imported element
IMP_IMPORTED_ELEMENT_READ_ONLY=error;;;Imported element {0} is read-only.

# 0: method, field, getter, setter, member, 1: member name
VIS_ILLEGAL_MEMBER_ACCESS=error;;;The {0} {1} is not visible.
# 0: function name
VIS_ILLEGAL_FUN_ACCESS=error;;;The function {0} is not visible.
# 0: type name
VIS_ILLEGAL_TYPE_ACCESS=error;;;The type {0} is not visible.
# 0: variable name
VIS_ILLEGAL_VARIABLE_ACCESS=error;;;The variable {0} is not visible.
# 0: member name, 1: type defining member
VIS_ILLEGAL_STATIC_MEMBER_WRITE_ACCESS=error;;;Write access to the static member {1} defined in {0} must use {0} directly.
# 0: member name, 1: type defining member, 2: member alias
VIS_ILLEGAL_STATIC_MEMBER_WRITE_ACCESS_WITH_ALIAS=error;;;Write access to the static member {1} defined in {0} must use the alias {2} directly.
# 0: member kind, 1: member name, 2: 'read-only', when a read-only member was used with write access or 'write-only' when a write-only member was used with read access.
VIS_WRONG_READ_WRITE_ACCESS=error;;;The {0} {1} is {2}.
# 0: static or non-static, 1: member name, 2: static or non-static
VIS_WRONG_STATIC_ACCESSOR=error;;;The {0} member {1} cannot be accessed from a {2} context.
# 0: type variable name
VIS_WRONG_TYPE_VARIABLE_ACCESSOR=error;;;The type variable {0} cannot be accessed from a static context.
# 0: type parameter name, 1: kind of type hidden (e.g. class, type variable, etc.)
VIS_TYPE_PARAMETER_HIDES_TYPE=warning;;;The type parameter {0} hides {1} {0}.
# 0: concept which is not allowed, 1: Mode (n4js,strict,...) in which it is not allowed.
VIS_RESTRITCTED_USAGE=error;;;The usage of {0} is not allowed in {1} mode.
# 0: classifier name whose constructor is not visible.
VIS_NEW_CANNOT_INSTANTIATE_INVISIBLE_CONSTRUCTOR=error;;;The constructor of {0} is not visible.

# no parameters required
CLF_CTOR_RETURN_TYPE=error;;;A constructor must not have a return type declaration.
# no parameters required
CLF_CTOR_ILLEGAL_MODIFIER=error;;;A constructor must not be declared abstract, static or final and may not be annotated with @Override.
# no parameters required
CLF_CTOR_CALLABLE_ONLY_IN_CLASS=error;;;Callable constructors may only be used in classes (not in interfaces).
# no parameters required
CLF_CTOR_CALLABLE_ONLY_IN_N4JSD=error;;;Callable constructors may only be used in .n4jsd files.
# no parameters required
CLF_CTOR_CALLABLE_DUPLICATE=error;;;Duplicate callable constructor.
# no parameters required
CLF_CTOR_NO_TYPE_PARAMETERS=error;;;Constructors must not have any type parameters.
# no parameters required
CLF_NAME_DOLLAR=error;;;Member names must not start with a dollar character.
# 0: the human readable name of the violating discouraged character
CLF_NAME_CONTAINS_DISCOURAGED_CHARACTER=warning;;;Name should not contain {0} character.
# 0: static or const keywords
CLF_NAME_DOES_NOT_MATCH_WITH_PATTERN_FOR_STATIC_OR_CONST=warning;;;Name should be all upper case with words separated by underscores for variables with {0} modifier.
# 0: element meta type
CLF_NAME_DOES_NOT_START_UPPERCASE=warning;;;{0} names should start with upper case letter.
# 0: element meta type
CLF_NAME_DOES_NOT_START_LOWERCASE=warning;;;{0} names should start with lower case letter.
# 0: element description, 1: conflicting category
CLF_NAME_INDISTINGUISHABLE=error;;;{0} may be indistinguishable with {1}.
# 0: element description, 1: conflicting category
CLF_NAME_RESERVED=warning;;;{0} may be confused with {1}.
# no parameters required
CLF_NAME_CONFLICTS_WITH_CONSTRUCTOR=warning;;;Name may be confused with constructor.
# 0: element description, 1: conflicting type name 2: actual type
CLF_NAME_DIFFERS_TYPE=warning;;;{0} is not of type {1} but of type {2}.
# 0: name of final type, 1: name of type parameter
CLF_UPPER_BOUND_FINAL=warning;;;Final type {0} should not be used as upper bound of type parameter {1}. Final types cannot be extended.
# no parameters required
CLF_DEF_SITE_VARIANCE_ONLY_IN_CLASSIFIER=error;;;Declaration of definition-site variance only allowed in generic classes and interfaces, not in generic functions or methods.
# 0: "covariant" or "contravariant", 1: "covariant", "contravariant", or "invariant"
CLF_TYPE_VARIABLE_AT_INVALID_POSITION=error;;;Cannot use {0} type variable at {1} position.
# 0: the actual primitive type
CLF_EXTENDS_PRIMITIVE_GENERIC_TYPE=error;;;Cannot subclass primitive type {0}.
# 0: keyword (extends, implements, with), 1: expected meta type in plural form (classes, interfaces, roles), 2: type name, 3: actual meta type (class, interface)
CLF_WRONG_META_TYPE=error;;;Keyword {0} must be used with {1} but {2} is a {3}.
# 0: class name
CLF_EXTEND_FINAL=error;;;Cannot extend final class {0}.
# 0: keyword, 1: name of class or TObjectPrototype
CLF_EXTEND_NON_ACCESSIBLE_CTOR=error;;;Cannot extend {0} {1} because its constructor is not accessible.
# 0: name of class, 1: name of super class
CLF_OBSERVABLE_MISSING=error;;;Class {0} extends observable class {1} and must therefore be annotated with @Observable.
# no parameters required
CLF_TEST_CLASS_NOT_EXPORTED=warning;;;Classes containing test methods must be exported or abstract.

# # 0: module name, 1: path to other module
CLF_DUP_MODULE=error;;;A duplicate module {0} is also defined in {1}.
# # 0: first name with line ({@link ValidatorMessageHelper#nameWithLine(TMember,TMember)}, 1: other name with line ({@link ValidatorMessageHelper#nameWithLine(TMember,TMember)}
CLF_DUP_CTOR=error;;;Constructor line {0} duplicates constructor in line {1}.
# # 0: first short description ({@link ValidatorMessageHelper#descriptionWithLine(TMember,TMember)}, 1: other short description ({@link ValidatorMessageHelper#descriptionWithLine(TMember,TMember)}
CLF_DUP_MEMBER=error;;;The {0} duplicates {1}.
# # 0: first short description ({@link ValidatorMessageHelper#descriptionWithLine(TMember,TMember)}
CLF_DUP_WITH_MEMBER=error;;;The {0} conflicts with the structural this type in the inherit constructor definition.
# 0: overriding description ({@link ValidatorMessageHelper#descriptionDifferentFrom(TMember,TMember)}, 1: overridden description ({@link ValidatorMessageHelper#descriptionDifferentFrom(TMember,TMember)}, 2: setter or getter
CLF_OVERRIDE_FIELD_REQUIRES_ACCESSOR_PAIR=error;;;The {0} cannot override {1}, matching {2} missing.
# 0: overriding description ({@link ValidatorMessageHelper#descriptionDifferentFrom(TMember,TMember)}, 1: overridden description ({@link ValidatorMessageHelper#descriptionDifferentFrom(TMember,TMember)}
CLF_CONSUMED_OVERRIDE_FIELD=error;;;The consumed {0} cannot override {1}.
# 0: overriding description ({@link ValidatorMessageHelper#descriptionDifferentFrom(TMember,TMember)}, 1: "overriding" or "implementing" 2: overridden description ({@link ValidatorMessageHelper#descriptionDifferentFrom(TMember,TMember)}
CLF_OVERRIDE_ANNOTATION=error;;;The {0} {1} {2} must be annotated with @Override.
# 0: overriding description ({@link ValidatorMessageHelper#descriptionDifferentFrom(TMember,TMember)}, 1: overridden description ({@link ValidatorMessageHelper#descriptionDifferentFrom(TMember,TMember)}
CLF_REDEFINED_NON_ACCESSIBLE=error;;;The {0} cannot override or implement non-accessible {1}.
# 0: overriding description ({@link ValidatorMessageHelper#descriptionDifferentFrom(TMember,TMember)}, 1: overridden description ({@link ValidatorMessageHelper#descriptionDifferentFrom(TMember,TMember)}
CLF_OVERRIDE_FINAL=error;;;The {0} cannot override final {1}.
# 0: overridden description ({@link ValidatorMessageHelper#descriptionDifferentFrom(TMember,TMember)}, 1: "final" or "const"
CLF_OVERRIDE_WITH_FINAL_OR_CONST_FIELD=error;;;Cannot override {0} with a {1} field.
# 0: overriding description ({@link ValidatorMessageHelper#descriptionDifferentFrom(TMember,TMember)}, 1: overridden description ({@link ValidatorMessageHelper#descriptionDifferentFrom(TMember,TMember)}
CLF_OVERRIDE_CONST=error;;;The {0} cannot override {1}.
# 0: overriding description ({@link ValidatorMessageHelper#descriptionDifferentFrom(TMember,TMember)}, 1: overridden description ({@link ValidatorMessageHelper#descriptionDifferentFrom(TMember,TMember)}
CLF_OVERRIDEN_CONCRETE_WITH_ABSTRACT=error;;;The abstract {0} cannot override concrete {1}.
# 0: overriding description ({@link ValidatorMessageHelper#descriptionDifferentFrom(TMember,TMember)}, 1: overridden description ({@link ValidatorMessageHelper#descriptionDifferentFrom(TMember,TMember)}
CLF_OVERRIDE_VISIBILITY=error;;;The {0} cannot reduce the visibility of {1}.
# 0: method, getter or setter, 1: member name
CLF_OVERRIDE_NON_EXISTENT=error;;;The {0} {1} must override or implement a {0} from a super class or interface.
# 0: member description, 1: member description
CLF_OVERRIDE_NON_EXISTENT_INTERFACE=warning;;;The {0} does not override {1} (no inheritance of static members in interfaces); remove annotation @Override.
# 0: description of constructor, 1: description of classifier inheriting the constructor, 2: description of classifier owning the constructor
CLF_PSEUDO_REDEFINED_SPEC_CTOR_INCOMPATIBLE=error;;;Inherited {0} in context of {1} not compatible to itself in context of {2}.
# 0: overriding description ({@link ValidatorMessageHelper#descriptionDifferentFrom(TMember,TMember)}, 1: overridden/implemented/consumed, 2: overridden description ({@link ValidatorMessageHelper#descriptionDifferentFrom(TMember,TMember)} 3: additional members or error information (may be empty)
CLF_REDEFINED_TYPE_NOT_SAME_TYPE=error;;;Type of {0} must equal type of {1} {2}.{3}
# 0: overriding description ({@link ValidatorMessageHelper#descriptionDifferentFrom(TMember,TMember)}, 1: overridden/implemented/consumed, 2: overridden description ({@link ValidatorMessageHelper#descriptionDifferentFrom(TMember,TMember)}
CLF_REDEFINED_BY_CONSUMED_TYPE_NOT_SAME_TYPE=error;;;Type of inherited {0} must equal type of {1} {2}.
# 0: overriding description ({@link ValidatorMessageHelper#descriptionDifferentFrom(TMember,TMember)}, 1: overridden description ({@link ValidatorMessageHelper#descriptionDifferentFrom(TMember,TMember)}, 1: overridden/implemented/consumed, 3: signature type error message, 4: additional members or error information (may be empty)
CLF_REDEFINED_MEMBER_TYPE_INVALID=error;;;Type of {0} does not conform to {2} {1}: {3}.{4}
# 0: consumed/inherited, 1: overriding description ({@link ValidatorMessageHelper#descriptionDifferentFrom(TMember,TMember)}, 2: overridden/implemented/consumed, 3: overridden description ({@link ValidatorMessageHelper#descriptionDifferentFrom(TMember,TMember)}, 4: signature type error message
CLF_REDEFINED_BY_CONSUMED_MEMBER_TYPE_INVALID=error;;;Type of {0} {1} does not conform to {2} {3}: {4}.
# 0: comma separated description of conflicting members
CLF_CONSUMED_MEMBER_SOLVABLE_CONFLICT=error;;;Redefine ambiguously consumed members: {0}.
# 0: comma separated description of conflicting members
CLF_CONSUMED_MEMBER_UNSOLVABLE_CONFLICT=error;;;Incompatible consumed members: {0}.
# 0: inherited member leading to conflict, 1: comma separated description of conflicting members
CLF_CONSUMED_INHERITED_MEMBER_UNSOLVABLE_CONFLICT=error;;;Inherited {0} cannot implement {1}.
# 0: overriding description ({@link ValidatorMessageHelper#descriptionDifferentFrom(TMember,TMember)}, 1: overridden/implemented/consumed, 2: overridden description ({@link ValidatorMessageHelper#descriptionDifferentFrom(TMember,TMember)}, 3: signature type error message, 4: additional members or error information (may be empty)
CLF_REDEFINED_METHOD_TYPE_CONFLICT=error;;;Signature of {0} does not conform to {1} {2}: {3}.{4}
# 0: overriding description ({@link ValidatorMessageHelper#descriptionDifferentFrom(TMember,TMember)}, 1: overridden description ({@link ValidatorMessageHelper#descriptionDifferentFrom(TMember,TMember)}
CLF_OVERRIDE_MEMBERTYPE_INCOMPATIBLE=error;;;Cannot override {1} with {0}.
# TODO remove?! 0: overriding description ({@link ValidatorMessageHelper#descriptionDifferentFrom(TMember,TMember)}, 1: overridden description ({@link ValidatorMessageHelper#descriptionDifferentFrom(TMember,TMember)}
CLF_CONSUMED_OVERRIDE_MEMBERTYPE_INCOMPATIBLE=error;;;Cannot override {1} with consumed {0}.
# 0: getter/setter, 0: overridden descriptions (CSV) ({@link ValidatorMessageHelper#descriptionDifferentFrom(TMember,TMember)}
CLF_CONSUMED_FIELD_ACCESSOR_PAIR_INCOMPLETE=error;;;Missing {0} to completely override consumed {1}."
# no parameters required
CLF_FIELD_CONST_FINAL=error;;;A field may not be declared both final and const.
# no parameters required
CLF_FIELD_CONST_STATIC=error;;;All const fields are static. Remove unnecessary modifier 'static'.
# 0: name of const field
CLF_FIELD_CONST_MISSING_INIT=error;;;Const field {0} must be provided with an initializer.
# no parameters required
CLF_FIELD_FINAL_STATIC=error;;;A field may not be declared both final and static. Use a const field instead.
# 0: name of final field
CLF_FIELD_FINAL_MISSING_INIT=error;;;Final field {0} must be provided with an initializer or must be initialized in the constructor.
# 0: name of final field
CLF_FIELD_FINAL_MISSING_INIT_IN_STATIC_POLYFILL=error;;;Final field {0} must be provided with an initializer or must be initialized in the constructor. HINT: You might want to check the polyfilled constructor.
# 0: name of final field (that has an initializer expression)
CLF_FIELD_FINAL_REINIT_IN_CTOR=error;;;Final field {0} has an initializer and may therefore not be initialized in the constructor.
# no parameters required
CLF_FIELD_OPTIONAL_OLD_SYNTAX=error;;;This syntax for optional fields is no longer allowed. Place the ? right after the field's name.

# no parameters required
CLF_IMPLEMENT_EXTEND_WITH_WILDCARD=error;;;Wildcards may not be used as type argument when declaring an extended or implemented type.
# 0: "implement" or "extend", 0: name of interface, 1: name of type variable, 2: comma-separated list of type arguments
CLF_IMPLEMENT_EXTEND_SAME_INTERFACE_INCONSISTENTLY=error;;;Cannot {0} interface {1} multiple times with different type arguments for {2}: {3}.
# 0: overriding description ({@link ValidatorMessageHelper#descriptionDifferentFrom(TMember,TMember)}, 1: overridden description ({@link ValidatorMessageHelper#descriptionDifferentFrom(TMember,TMember)} 2: additional error information
CLF_IMPLEMENT_MEMBERTYPE_INCOMPATIBLE=error;;;Cannot implement {1} with {0}.{2}
# 0: descriptions of missing members, 1: the consumer
CLF_IMPLEMENT_MIXIN_CONFLICTS=error;;;The {0} cannot be mixed in {1} due to conflicts.

# 0: name of the current classifier, 1: abstract non overridden descriptions
CLF_MISSING_IMPLEMENTATION=error;;;Class {0} must either be declared abstract or implement {1}.
# 0: name of the current classifier, 1: abstract non overridden descriptions
CLF_MISSING_IMPLEMENTATION_EXT=warning;;;External class {0} must either be declared abstract or explicit declare {1}.
# 0: class, method, getter or setter
CLF_ABSTRACT_FINAL=error;;;An abstract {0} cannot be declared final.
# no parameters required, will be changed to error (IDE-1236)
CLF_NO_FINAL_INTERFACE_MEMBER=warning;;;In interfaces, only methods may be declared final.
# no parameters required
CLF_NO_THIS_IN_STATIC_FIELD=error;;;The 'this' literal may not be used in initializers of static data fields.
# no parameters required
CLF_NO_THIS_IN_FIELD_OF_INTERFACE=error;;;In interfaces, the 'this' literal may not be used in initializers of data fields.
# no parameters required
CLF_NO_THIS_IN_STATIC_MEMBER_OF_INTERFACE=error;;;In interfaces, the 'this' literal may not be used in static methods or field accessors and in initializers of static data fields.
# no parameters required
CLF_INVALID_ACCESS_OF_STATIC_MEMBER_OF_INTERFACE=error;;;Static members of interfaces may only be accessed directly via the type name of their containing interface.
# 0: method, getter or setter, 1: name of method/getter/setter
CLF_STATIC_ABSTRACT=error;;;The {0} {1} may not be both static and abstract.
# no parameters required
CLF_ABSTRACT_BODY=error;;;Abstract methods do not specify a body.
# 0: method, getter or setter, 1: member name, 2: class name
CLF_ABSTRACT_MISSING=error;;;The abstract {0} {1} in class {2} can only be defined in an abstract class.
# 0: method, getter or setter, 1: member name
CLF_MISSING_BODY=error;;;The {0} {1} has to have either a body or must be defined abstract.
# no parameters required
CLF_MISSING_CTOR_BODY=error;;;Constructors must have a body.
# no parameters required
CLF_VOID_ACCESSOR=error;;;Void is not a valid type for getters and setters.
# 0: accessor description, 1: verb, 2: missing accessor type
CLF_UNMATCHED_ACCESSOR_OVERRIDE=error;;;{0} cannot be {1} without overriding the corresponding {2}.
# 0: accessor description, 1: verb, 2: missing accessor type
CLF_UNMATCHED_ACCESSOR_OVERRIDE_JS=warning;;;{0} should not be {1} without overriding the corresponding {2}.
# 0: interface name
CLF_MULTIPLE_ROLE_CONSUME=error;;;Cannot consume {0} multiple times.
# 0: 'Classes' or 'Roles'
CLF_EXT_EXTERNAL_N4JSD=error;;;{0} declared as external have to be placed in a file with file extension 'n4jsd'.
# none
CLF_EXT_PROVIDED_BY_RUNTIME_IN_RUNTIME_TYPE=error;;;Only runtime environments/libraries may specify elements provided by runtime.
# no parameters required
CLF_EXT_UNALLOWED_N4JSD=error;;;Only classes, interfaces, enums and functions declared as external as well as structural typed interfaces are allowed in n4jsd files.
# no parameters required
CLF_EXT_EXPORTED=error;;;External elements have to be exported.
# no parameters required
CLF_EXT_ANNOTATED_EXTEND=error;;;External classes annotated with @N4JS aren't allowed to extend a class without such annotation.
# 0: classes or interfaces
CLF_EXT_ANNOTATED_CONSUME=error;;;External {0} annotated with @N4JS aren't allowed to consume interfaces without such annotation.
# no parameters required
CLF_EXT_NOT_ANNOTATED_EXTEND_N4OBJECT=error;;;External classes without annotation @N4JS aren't allowed to inherit from n4js classes.
# 0: classes or interfaces
CLF_EXT_CONSUME_NON_EXT=error;;;External {0} aren't allowed to consume a non external interface.
# 0: classes or interfaces
CLF_EXT_ANNOTATED_IMPLEMENTS=error;;;External {0} annotated with @N4JS aren't allowed to implement interfaces without such annotation.
# 0: classes or interfaces
CLF_EXT_IMPLEMENTS_NON_EXT=error;;;External {0} aren't allowed to implement an interface from a non n4jsd file.
# no parameters required
CLF_EXT_ANNOTATED_EXT_INTERF=error;;;Interfaces annotated with @N4JS aren't allowed to extend interfaces without such annotation.
# no parameters required
CLF_EXT_EXTENDS_NON_EXT_INTERF=error;;;Interfaces in n4jsd files aren't allowed to extend interfaces from non n4jsd files.
# 0: classes or interfaces
CLF_EXT_PUBLIC=error;;;External {0} have to be marked as 'public' (and without @Internal).
# no parameters required
CLF_EXT_INTF_PUBLIC=error;;;Structural typed interfaces in n4jsd files have to be marked as 'public' (and without @Internal).
# 0: classes or interfaces
CLF_EXT_EXTERNAL=error;;;External {0} have to be marked as 'external' in n4jsd files.
# 0: methods, getters or setters, 1: classes or interfaces
CLF_EXT_NO_METHOD_BODY=error;;;{0} in external {1} have to have no body.
# 0: classes or interfaces
CLF_EXT_NO_FIELD_EXPR=error;;;Fields in external {0} have to have no right side.
# no parameters required
CLF_EXT_PUBLIC_CONSTRUCTOR=error;;;External classes have to have a public constructor, unless they are annotated with @N4JS.
# 0: classes or interfaces
CLF_EXT_NO_OBSERV_ANNO=error;;;External {0} must not have the Observable annotation.
# 0: methods, getters or setters, 1: classes or interfaces, 2: Observable or Nfon
CLF_EXT_METHOD_NO_ANNO=error;;;{0} in external {1} must not have the {2} annotation.
# no parameters required
CLF_EXT_LITERAL_NO_VALUE=error;;;An enumeration literal in a n4jsd file isn't allowed to define a value.
# no parameters required
CLF_EXT_FUN_NO_BODY=error;;;External function declarations have to have no body.
# 0 var or constant
CLF_EXT_VAR_NO_VAL=error;;;External {0} declaration cannot be initialized.
# spec: Component/Manifest/General-Constraint, no parameters required
CLF_EXT_NO_MATCH=warning;;;For the given n4jsd file no corresponding external file resp. no matching implemented by expression can be found.
# doc: validate duplicates between src/src-test and external (so there is e.g. file A.n4js that compiles to A.js that would be name conflict with A.js in external), spec: Component/Manifest/General-Contraint, 0: file, 1: path
CLF_EXT_DUPLICATE_PATH_SRC_EXTERNAL=error;;;Duplicate external file {0}, has been already defined in {1}.

# 0: annotation name, 1: type (interface or classifier)
CLF_EXT_PROVIDES_IMPL_ONLY_IN_DEFFILES=error;;;@{0} must only be used in external {1} in n4jsd files.
# 0: annotation name, 1: type (interface or classifier)
CLF_EXT_PROVIDES_IMPL_ONLY_IN_INTERFACE_MEMBERS=error;;;@{0} must only be used in {1}.
# 0: annotation name, 1: type (interface or classifier)
CLF_EXT_PROVIDES_IMPL_ONLY_IN_N4JS_INTERFACES=error;;;@{0} must only be used in {1} annotated with @N4JS.


# 0: type name, 1: access modifier name
CLF_NOT_EXPORTED_NOT_PRIVATE=error;;;A {0} with visibility {1} must be marked as exported.
# 0: type name, 1: access modifier name
CLF_LOW_ACCESSOR_WITH_INTERNAL=error;;;A {0} with visibility {1} shouldn't be annotated with @Internal.
# 0: 'extend' or 'implement', 1: type name, 2: description of members causing problems
CLF_NON_ACCESSIBLE_ABSTRACT_MEMBERS=error;;;Cannot {0} {1}: cannot implement one or more non-accessible abstract members: {2}.
# no parameters required
CLF_MINIMAL_ACCESSIBILITY_IN_INTERFACES=error;;;Members of interfaces must not be declared private.
# no parameters required
CLF_SPEC_WRONG_TYPE=error;;;Annotation @Spec may only be used with formal parameters of type ~i~this.
# 0: name of field, 1: type of member, 2: type system error message
CLF_SPEC_WRONG_ADD_MEMBERTYPE=error;;;Type of structural member {0} of spec parameter must be a subtype of {1}: {2}.
# no parameters required
CLF_SPEC_MULTIPLE=error;;;Only a single formal parameter in each constructor may be annotated with @Spec.
# 0: name of the superfluous property, 1: the type not defining the property
CLF_SPEC_SUPERFLUOUS_PROPERTIES=warning;;;{0} is not defined in {1}.
# 0: name of the property, {1} built-in/provided by runtime interface
CLF_SPEC_BUILT_IN_OR_PROVIDED_BY_RUNTIME_OR_EXTENAL_WITHOUT_N4JS_ANNOTATION=warning;;;{0} is a property of built-in / provided by runtime / external without @N4JS annotation interface {1} and can not be initialized in Spec constructor.
# 0:the cycle
CLF_INHERITANCE_CYCLE=error;;;Inheritance cycle detected: {0}.
# no param
CLF_METHOD_BODY_FORBIDDEN_REFERENCE_NAME=error;;;A reference to a function ending with "___n4" is not allowed inside a method-body.
# no param
CLF_INTERNAL_BAD_WITH_PRIVATE_OR_PROJECT=error;;;@Internal is only allowed for public and protected.
# no param
CLF_CANNOT_CALL_ABSTRACT_SUPER_METHOD=error;;;Cannot call super method since it is abstract.
# no param
CLF_CANNOT_REFER_TO_DEFAULT_METHOD_WITH_SUPER=error;;;Cannot refer to default method of an implemented interface with super.

# 0: name of polyfill
CLF_POLYFILL_EXTEND_MISSING=error;;;Polyfill {0} must explicitly extend a class.
# 0: name of polyfill
CLF_POLYFILL_NO_TOPLEVEL=error;;;Polyfill {0} can only extend top level class declaration.
# 0: name of polyfill, 1: name of extended class
CLF_POLYFILL_DIFFERENT_NAME=error;;;Name of polyfill {0} must equal name of filled class {1}.
# 0: name of polyfill, 1: name polyfill's module, 2: name of filled class' module
CLF_POLYFILL_DIFFERENT_MODULE_SPECIFIER=error;;;Specifier {1} of module containing polyfill {0} must equal name of filled classes module specifier {2}.
# 0: name of polyfill, 1: global/not global polyfill module, 2: not/empty global polyfill
CLF_POLYFILL_DIFFERENT_GLOBALS=error;;;Module containing polyfill {0} is {1}, but filled classes module is {2}.
# 0: name of polyfill
CLF_POLYFILL_FILLED_NOT_PROVIDEDBYRUNTIME=error;;;Polyfill {0} cannot fill class not provided by runtime.
# 0: name of polyfill
CLF_POLYFILL_NOT_PROVIDEDBYRUNTIME=error;;;Polyfill {0} must be provided by runtime.
# 0: name of polyfill
CLF_POLYFILL_NO_IMPLEMENTS_OR_CONSUMES=error;;;Polyfill {0} must not implement any interfaces or consume any interfaces.
# 0: name of polyfill, 1: name of polyfill modifier, 2: name of filled modifier
CLF_POLYFILL_DIFFERENT_MODIFIER=error;;;Polyfill {0} cannot be declared {1}, must be defined {2} just as the filled class.
# 0: name of polyfill, 1: type system error message
CLF_POLYFILL_CTOR_NOT_OVERRIDE_COMPATIBLE=error;;;Constructor of polyfill {0} must be override compatible with inherited constructor: {1}
# 0: name of polyfill
CLF_POLYFILL_DIFFERENT_TYPEPARS=error;;;Polyfill {0} must declare same type parameters as filled class.
# 0: name of polyfill, 1: type par, 2: type arg
CLF_POLYFILL_TYPEPARS_DIFFER_TYPEARGS=error;;;Polyfill {0} must pass type parameters to type arguments in same order and without modifications, but {1} differs from {2}.
# 0: list of modules name with polyfills, 0: member name
CLF_POLYFILL_MULTIPOLYFILLS_MEMBER_CONFLICT=error;;;Polyfills in {0} provide member {1} - only one provider per member is allowed.
# 0: name of polyfill
CLF_POLYFILL_STATIC_FILLED_TYPE_NOT_AWARE=error;;;For static polyfills, the module of the filled type {0} must be annotated with @StaticPolyfillAware.
# 0: name of polyfill, 1: file extension (.n4js or .n4jsd)
CLF_POLYFILL_STATIC_DIFFERENT_VARIANT=error;;;Since static polyfill {0} is declared in an {1} file, the filled type must also be declared in an {1} file.

# 0: string that is used as name for more than one literal
ENM_DUPLICTAE_LITERALS=error;;;Multiple literals with name {0}.
# 0: string with the name of the meta property
ENM_LITERALS_HIDE_META=error;;;EnumLiteral cannot have the same name as Enum meta property <{0}>.
# no parameters required
ENM_WITHOUT_LITERALS=error;;;An enum type must declare at least one literal.
# no parameters required
ENM_INVALID_USE_OF_STRINGBASED_ENUM=error;;;A @StringBased enum may only be used in type annotations and in property access expressions to access either one of its literals the static getter called 'literals'.

# no parameters required
# ITF_MEMBER_ACCESSIBILITY=error;;;Member of an interface must not have lower accessibility than the containing interface.
# no parameters required
ITF_NO_FINAL=error;;;Interfaces must not be declared final.
# 0: name of field, 1: name of interface
ITF_NO_FIELD_INITIALIZER=error;;;Cannot initialize field in interface. Only classes or interfaces implementing {1} can initialize {0}.
# no parameters required
ITF_CONSTRUCTOR_BODY=error;;;Constructors in interfaces must not have a body.
# no parameters required
ITF_CONSTRUCTOR_COVARIANCE=error;;;Constructors in interfaces must be annotated with @CovariantConstructor.
# 0: passed parameter count, 1: expected parameter count
FUN_PARAM_COUNT=error;;;Passed parameter count {0} doesn't match with expected parameter count {1}.
# no parameters required
FUN_BLOCK=warning;;;Functions declarations should not be placed in blocks. Use a function expression or move the statement to the top of the outer function.
# no parameters required
FUN_BODY=error;;;Functions have to have a body.
# 0: element description, 1: conflicting category
FUN_NAME_RESERVED=error;;;{0} may be confused with {1}.
# no parameters
FUN_NAME_MISSING=error;;;Function declarations must have a name.
# 0: formal parameter
FUN_PARAM_OPTIONAL_WRONG_SYNTAX=error;;;Wrong syntax: Use {0}=undefined instead of ?.
# no parameters
FUN_PARAM_INITIALIZER_ILLEGAL_FORWARD_REFERENCE=error;;;Illegal forward reference to formal parameter of same function.
# no parameters
FUN_PARAM_INITIALIZER_ONLY_UNDEFINED_ALLOWED=error;;;Only ''undefined'' allowed for initializers of default parameters in function types.
# 0: formal parameter
# 1: identifier
FUN_PARAM_INITIALIZER_ILLEGAL_REFERENCE_TO_BODY_VARIABLE=error;;;Initializer of parameter ''{0}'' cannot reference the identifier ''{1}'' declared in the body.
# 0: formal parameter
FUN_PARAM_INITIALIZER_ILLEGAL_AWAIT_CALL=error;;;Illegal await-expression in initializer of formal parameter ''{0}''.

# no parameters required
AST_INVALID_NEW_TARGET=error;;;Invalid new.target.
# no parameters required
AST_INVALID_YIELD_EXPRESSION=error;;;The parameter initializer of a generator may not contain a `yield` expression.
# no parameters required
AST_CONST_IN_STATEMENT_POSITION=error;;;Const variable statements must be on the top level or nested in a block.
# no parameters required
AST_LET_IN_STATEMENT_POSITION=error;;;Let declarations may not appear in statement position.
# 0: name of blank const variable
AST_CONST_HAS_NO_INITIALIZER=error;;;Const variable {0} must be provided with an initializer.
# no parameters required
AST_STR_NO_OCTALS=error;;;octal literals and octal escape sequences are not allowed in strict mode.
# 0: operand (decrement or increment)
AST_INVALID_OPERAND=error;;;Invalid {0} operand.
# no parameters required
AST_EXP_INVALID_LHS_ASS=error;;;Invalid assignment left-hand side.
# 0: identifier
AST_RESERVED_IDENTIFIER=error;;;{0} is a reserved identifier.
# no parameters required
AST_STR_NO_WITH_STMT=error;;;With statement not allowed.
# no parameters required, not used yet in AST, was before in N4JSStrictValidator
AST_STR_FUN_NOT_NESTED=error;;;Functions must only be declared on script level or as part of other expressions
# no parameters required
AST_INVALID_RETURN=error;;;return statement without enclosing function
# no parameters required
AST_INVALID_CONTINUE=error;;;continue statement without enclosing iteration
# no parameters required
AST_INVALID_BREAK=error;;;break statement without enclosing iteration or case block
# no parameters required
AST_INVALID_LABEL=error;;;Label must be of an enclosing iteration statement but may not cross function boundaries
# no parameters required
AST_THIS_WRONG_PLACE=error;;;The 'this' type isn't allowed on this place. (Please refer to Spec for valid use cases.)
# 0: variable name
AST_VAR_DECL_RECURSIVE=warning;;;Reference to variable {0} within the initializer expression of the declaration of {0}.
# no parameters required
AST_VAR_DECL_IN_FOR_INVALID_INIT=error;;;The iteration variable of a for..in or for..of loop must not be provided with an initializer.
# no parameters required
AST_NO_TYPE_ARGS_IN_CLASSIFIERTYPEREF=error;;;Only raw types can be used in classifier type references.
# no parameters required
AST_NO_FUNCTIONTYPEREFS_IN_CLASSIFIERTYPEREF=error;;;Function types are not allowed in classifier type references.
# no parameters required
AST_INVALID_EXPR_IN_LHS_DESTRUCTURING_PATTERN=error;;;Only a variable or nested destructuring pattern is allowed at this location within a destructuring pattern.
# no parameters required
AST_INVALID_PROPERTY_METHOD_IN_LHS_DESTRUCTURING_PATTERN=error;;;Property methods are not allowed within an object destructuring pattern.
# no parameters required
AST_SPREAD_IN_ARRAY_LITERAL_UNSUPPORTED=error;;;Spread operator in array literals is unsupported at the moment (only allowed in array destructuring patterns).
# no parameters required
AST_SINGLE_NAME_IN_OBJECT_LITERAL_UNSUPPORTED=error;;;Single name syntax in object literals is unsupported at the moment (only allowed in object destructuring patterns).
# no parameters required
AST_REST_MUST_APPEAR_AT_END=error;;;Rest operator only allowed on last element in an array destructuring pattern.
# no parameters required
AST_REST_WITH_INITIALIZER=error;;;Rest operator does not support an initializer.
# no parameters required
AST_TYPE_DECL_MISSING_NAME=error;;;Name missing in type declaration.
# no type annotation for catch variable
AST_CATCH_VAR_TYPED=error;;;Catch variable must not be typed.
# 0: name of the JavaScript variant of the context
AST_TOP_LEVEL_STATEMENTS=error;;;Top-level statements are not supported in {0} files.
# No parameters
AST_VAR_STMT_NO_DECL=error;;;A variable statement must at least contain one variable declaration.
# 0: script annotation name
AST_SCRIPT_ANNO_INVALID_PLACEMENT=error;;;The script annotation @@{0} must be placed at the top of the module.
# 0: Forbidden Type e.g. null / undefined
AST_BINARY_LOGICAL_EXPRESSION_MISSING_PART=error;;;The logical expression is missing the {0}.
# no parameters required
AST_IMPORT_CALL_WRONG_NUM_OF_ARGS=error;;;An import call must have exactly one argument.
# no parameters required
AST_IMPORT_CALL_SPREAD=error;;;The spread operator is not allowed in import calls.

# 0: local variable name
CFG_LOCAL_VAR_UNUSED=warning;;;The local variable {0} is never used
# 0: local variable name
CFG_USED_BEFORE_DECLARED=warning;;;Variable {0} is used before it is declared

# 0: local variable name
# 1: 'is' or 'may be'
# 2: 'null' or 'undefined'
# 3: reason (optional)
DFG_NULL_DEREFERENCE=warning;;;Variable {0} {1} {2}{3}

# 0: shadowing object, 1: shadowed object
AST_NAME_SHADOW_WARN=warning;;;{0} shadows {1}.
# 0: shadowing object, 1: shadowed object
AST_NAME_SHADOW_ERR=error;;;{0} shadows {1}.
# 0: hiding parameter 1: hidden parameter
AST_GLOBAL_NAME_SHADOW_ERR=error;;;{0} shadows {1} from global scope.
# 0: name
AST_GLOBAL_JS_NAME_CONFLICT=error;;;Globally defined element named {0} must be defined in runtime environment.
# 0: name
AST_GLOBAL_NAME_CONFLICT=error;;;Globally defined element must not be named {0}.
# 0: duplicating object, 1: duplicated object
AST_NAME_DUPLICATE_ERR=error;;;{0} duplicates {1}.
# 0: duplicating object, 1: duplicated object
AST_NAME_DUPLICATE_WARN=warning;;;{0} duplicates {1}.


# 0: grammar rule, 1: value
VCO_DOUBLE_NEGATIVE=error;;;{0}-value may not be negative (value: {1}).
# no parameters required
VCO_DOUBLE_CONVERT_EMPTY_STR=error;;;Couldn't convert empty string to a double value.
# 0: the string value
VCO_DOUBLE_CONVERT_STR=error;;;Couldn't convert {0} to a double value.
# 0: grammar rule, 1: value
VCO_HEXINT_NEGATIVE=error;;;{0}-value may not be negative (value: {1}).
# no parameters required
VCO_HEXINT_CONVERT_EMPTY_STR=error;;;Couldn't convert empty string to an hex int value.
# 0: the string value
VCO_HEXINT_CONVERT_TOO_SHORT=error;;;Couldn't convert {0} to an int value.
# 0: the string value
VCO_HEXINT_CONVERT_STR=error;;;Couldn't convert {0} to an hex int value.
# 0: grammar rule, 1: value
VCO_BINARYINT_NEGATIVE=error;;;{0}-value may not be negative (value: {1}).
# no parameters required
VCO_BINARYINT_CONVERT_EMPTY_STR=error;;;Couldn't convert empty string to a binary int value.
# 0: the string value
VCO_BINARYINT_CONVERT_TOO_SHORT=error;;;Couldn't convert {0} to an int value.
# 0: the string value
VCO_BINARYINT_CONVERT_STR=error;;;Couldn't convert {0} to a binary int value.
# 0: grammar rule, 1: value
VCO_OCTALINT_NEGATIVE=error;;;{0}-value may not be negative (value: {1}).
# no parameters required
VCO_OCTALINT_CONVERT_EMPTY_STR=error;;;Couldn't convert empty string to an octal int value.
# 0: the string value
VCO_OCTALINT_CONVERT_TOO_SHORT=error;;;Couldn't convert {0} to an int value.
# 0: the string value
VCO_OCTALINT_LEADING_ZEROS=error;;;Don't use extra leading zeros {0}."
# 0: the string value
VCO_OCTALINT_CONVERT_STR=error;;;Couldn't convert {0} to an octal int value.
# 0: grammar rule, 1: value
VCO_SCIINT_NEGATIVE=error;;;{0}-value may not be negative (value: {1}).
# no parameters required
VCO_SCIINT_CONVERT_EMPTY_STR=error;;;Couldn't convert empty string to an scientific int value.
# 0: the string value
VCO_SCIINT_CONVERT_STR=error;;;Couldn't convert {0} to an scientific int value.
# 0: identifier, 1: position
VCO_IDENT_ESCAP_SEQ=error;;;Illegal escape sequence in identifier {0} at position {1}.
# 0: result, 1: identifier, 2: position
VCO_IDENT_ILLEGAL_CHAR_WITH_RESULT=error;;;Illegal character in identifier ''{0}'' ({1}) at position {2}.
# 0: identifier, 1: position
VCO_IDENT_ILLEGAL_CHAR=error;;;Illegal character in identifier ''{0}'' at position {1}.
# no parameters required
VCO_STRING_DOUBLE_QUOTE=error;;;String literal is not properly closed by a double-quote.
# no parameters required
VCO_STRING_QUOTE=error;;;String literal is not properly closed by a quote.
# no parameters required
VCO_TEMPLATE_QUOTE=error;;;Template literal is not properly closed by a backtick.
# no parameters required
VCO_TEMPLATE_MIDDLE=error;;;Template literal is not properly closed by ${.
# no parameters required
VCO_STRING_BAD_ESCAP_WARN=warning;;;Bad escapement
# no parameters required
VCO_STRING_BAD_ESCAP_ERROR=error;;;Bad escapement
# no parameters required
VCO_REGEX_INVALID=error;;;Invalid regular expression literal
# 0: literal
VCO_REGEX_ILLEGAL_ESCAP=error;;;Illegal escape sequence in regular expression {0}
# no parameters required
VCO_NPE=error;;;A NullPointerException occurred. This indicates a missing value converter or a bug in its implementation.
# 0: feature name
VCO_NULL_FEATURE=error;;;ValueConverter returned null for primitive feature {0}


# no parameters required
BIT_SYMBOL_INVALID_USE=error;;;Invalid use of 'Symbol': may only be used to create symbols (i.e. Symbol()) or to access built-in symbols (e.g. Symbol.iterator).
# no parameters required
BIT_SYMBOL_NOT_A_CTOR=error;;;Symbol is not a constructor, use Symbol() without new.


# no parameters required
TYS_MISSING=error;;;Types model hasn't been built for this file. Please report this bug to a N4JS developer.
# 0: expression
TYS_CANNOT_TYPE=error;;;cannot type {0}.
# 0: left expression, 1: right expression
TYS_NO_SUBTYPE=error;;;{0} is not a subtype of {1}.
# 0: expected type, 1: actual type
TYS_NO_SUPERTYPE_WRITE_ACCESS=error;;;expecting write-access for type {0} but {1} is not a super type of {0}.
# no parameters required
TYS_NULL_OBJECT=error;;;passed null object to system at {0}.
# no parameters required
TYS_VOID_AT_WRONG_LOCATION=error;;;Type 'void' may only be used to declare the return type of functions and methods.
# 0: member type, 1: member name, 2: type name
TYS_MEMBER_NOT_IN_STRUCTURAL_TYPE_DEF_SITE=error;;;{0} {1} is not available for structurally defined type {2}.
# 0: member type, 1: member name, 2: type name
TYS_MEMBER_NOT_IN_STRUCTURAL_TYPE_USE_SITE=error;;;{0} {1} is not available for structurally referenced type {2}.
# 0: member type, 1: member name, 2: type name
TYS_MEMBER_NOT_IN_STRUCTURAL_FIELDS_TYPE_USE_SITE=error;;;{0} {1} is not available for fields-only-referenced type {2}.
# 0: type name
TYS_INSTANCEOF_NOT_SUPPORTED_FOR_STRUCTURAL_TYPES=error;;;'instanceof' cannot be used with structurally defined type {0}.
# 0: type name
TYS_INSTANCEOF_NOT_SUPPORTED_FOR_BUILT_IN_INTERFACES=error;;;'instanceof' cannot be used with built-in interface {0}.
# no parameters required
TYS_INSTANCEOF_NOT_SUPPORTED_FOR_PRIMITIVE_TYPES=error;;;'instanceof' cannot be used with primitive types.
# 0: property name
TYS_PROPERTY_HAS_NO_SETTER=error;;;Property {0} has no setter.
# 0: type name
TYS_PRIMITIVE_TYPE_DYNAMIC=error;;;Primitive type {0} must not be referenced dynamically.
# no parameters required
TYS_COMPOUND_MISSING_GETTER=error;;;Missing getter on left-hand side of compound assignment.
# no parameters required
TYS_NON_VOID_ASYNC=error;;;Internal error: Only Promise allowed as inferred return type of an async FunctionDefinition
# no parameters required
TYS_NON_THIS_ASYNC=error;;;The return type of an async function is not allowed to refer to the this-type.
# 0: type name
TYS_FOR_IN_VAR_STRING=error;;;Type of for-in-loop variable must be a super type of string but {0} is not.
# no parameters required
TYS_INVALID_TYPE_SYNTAX=error;;;Wrong type syntax: Use 'foo:Type' rather than 'Type foo'.
# no parameters required
TYS_ADDITIONAL_STRUCTURAL_MEMBERS_ON_TYPE_VARS=error;;;No additional structural members allowed on type variables, since they can cause collisions.
# no parameters required
TYS_FUNCTION_DISALLOWED_AS_TYPE=error;;;The name of a declared function may not be used as a type name.
# no parameters required
TYS_STRUCTURAL_PRIMITIVE=warning;;;Structural type operator ~ does not have any effect on primitive types

# no parameters required
EXP_USE_OF_UNDEF_EXPR=warning;;;The type of this expression is 'undefined', so it will never evaluate to a value other than 'undefined'.
# 0: actual type
EXP_CALL_NOT_A_FUNCTION=error;;;Not a function or method: {0}.
# no parameters required
EXP_CALL_CLASS_CTOR=error;;;Cannot directly invoke class constructor functions; use 'new' instead.
# 0: actual type
EXP_NEW_NOT_A_CTOR=error;;;Not a reference to a constructor: {0}.
# 0: type arg name of constructor, 1: static type
EXP_NEW_WILDCARD_NO_COVARIANT_CTOR=error;;;Cannot instantiate {0}, because {1} does not have a @CovariantConstructor.
# 0: type arg name of constructor
EXP_NEW_WILDCARD_OR_TYPEVAR=error;;;Cannot instantiate {0}.
# 0: abstract class, interface, 1: classifier name
EXP_NEW_CANNOT_INSTANTIATE=error;;;Cannot instantiate {0} {1}.
# 0: number of expected type args, 1: number of actual type args
EXP_WRONG_NUMBER_OF_TYPEARGS=error;;;Incorrect number of type arguments: expected {0}, got {1}.
# 0: class, interface, method, function 1: name of classifier/method/function, 2: number of expected type args, 3: number of actual type args
EXP_WRONG_NUMBER_OF_TYPEARGS_FOR_ELEMENT=error;;;Incorrect number of type arguments for {0} {1}: expected {2}, got {3}.
# 0: maximum number of element types in an IterableN
EXP_WRONG_NUMBER_OF_TYPEARGS_FOR_ITERABLE_N_SYNTAX=error;;;The IterableN types are available for a maximum of {0} element types only (i.e. type Iterable{0}).
# 0: upper or lower, 1: covariant or contravariant
EXP_INCONSISTENT_VARIANCE_OF_TYPE_ARG=error;;;Cannot use wildcard with {0} bound as argument to a {1} type parameter.
# 0: covariant or contravariant, 1: covariant or contravariant
EXP_INCONSISTENT_VARIANCE_OF_TYPE_ARG_IN_OUT=error;;;Cannot combine {0} on use site with {1} on definition site.
# 0: expected num of params, 1: actual num of params
EXP_NUM_OF_ARGS_TOO_FEW=error;;;Incorrect number of arguments: expected {0}, got {1}.
# 0: expected num of params, 1: actual num of params
EXP_NUM_OF_ARGS_TOO_MANY=error;;;Incorrect number of arguments: expected {0}, got {1}.
# 0: from type ref, 1: target type ref
EXP_CAST_FAILED=error;;;Cannot cast from {0} to {1}
# 0: from type ref, 1: target type ref
EXP_CAST_UNNECESSARY=warning;;;Unnecessary cast from {0} to {1}
# no parameter required
EXP_CAST_INVALID_TARGET=error;;;Can only cast to class, interface, enum, function, primitive, union or intersection types
# 0: recognized type, 2: result, e.g. NaN
EXP_MATH_OPERATION_RESULT_IS_CONSTANT=warning;;;Operand {0} will always result in {1}.
# 0: recognized type, 1: constant value
EXP_MATH_OPERAND_IS_CONSTANT=warning;;;Operand of type {0} will be interpreted as {1}.
# 0: recognized type, 2: result, e.g. NaN
EXP_MATH_TYPE_NOT_PERMITTED=error;;;Operand of type {0} cannot be converted to number.
# 0: left type 1: rght type 2: result
EXP_WARN_CONSTANT_EQUALITY_TEST=warning;;;Neither {0} is a subtype of {1} nor {1} is a subtype of {0}. The expression will always evaluate to {2}.
# 0: Forbidden Type e.g. null / undefined
EXP_FORBIDDEN_TYPE_IN_BINARY_LOGICAL_EXPRESSION=error;;;{0} is not allowed on the left hand side of a logical expression.
# 0: member description, 1: type of target, 2: declared this type (from @This annotation)
EXP_ACCESS_INVALID_TYPE_OF_TARGET=error;;;Target of property access not a subtype of the declared @This type of {0}: {1} is not a subtype of {2}.
# 0: method name
EXP_METHOD_REF_UNATTACHED_FROM_RECEIVER=error;;;A reference to method {0} is created detached from a (correct) this-instance.
# 0: await expression, 1 async annotation
EXP_MISPLACED_AWAIT_EXPRESSION=error;;;{0} is allowed only inside functions annotated with {1}.
# no parameter required
EXP_MISSNG_AWAIT_FOR_ASYNC_TARGET=warning;;;Calling async function without await, Promise should be made explicit.
# 0: Suspicious expression, 1: boolean value, 2:left-hand/right-hand
EXP_WARN_DISPENSABLE_CONDITIONAL_EXPRESSION=warning;;;Dispensable use of conditional expression. The expression ''{0}'' always evaluates to {1}, so only the {2} side will ever be evaluated.
# no parameter required
EXP_AWAIT_NON_ASYNC=warning;;;await should only be used on expressions of type Promise<?,?> since otherwise it has no effect.
# 0: recognized expression
EXP_AWAIT_NON_ASYNC_SPECIAL=warning;;;await should not be used on ''{0}'' since it has no effect here.

# no parameter required
FUN_RETURNTYPE_VOID_FOR_SETTER_VIOLATED=error;;;Set accessors must not return anything.
# 0: name of return type
FUN_MISSING_RETURN_EXPRESSION=error;;;Return statement must have an expression of type {0}
# no parameter required
FUN_MISSING_RETURN_OR_THROW_STATEMENT=error;;;Missing return or throw statement.
# no parameter required
FUN_MISSING_ELSE_BRANCH_FOR_CONDITIONAL_LAST_CONTROL_FLOW=error;;;Last if statement on control flow path is missing required else branch.
# no parameter required
FUN_MISSING_RETURN_OR_THROW_STATEMENT_WHILE_CANNOT_BE_CHECKED=error;;;Missing return or throw statement after while-expression. Correct termination of while-loops cannot be verified. Please append return/throw.
# no parameter required
FUN_MISSING_RETURN_OR_THROW_STATEMENT_FOR_CANNOT_BE_CHECKED=error;;;Missing return or throw statement after for-expression. Correct termination of for-loops cannot be verified. Please append return/throw.
# no parameter required
FUN_DEAD_CODE=warning;;;Dead code.
# 0: last executed statement name
FUN_DEAD_CODE_WITH_PREDECESSOR=warning;;;Dead code. No execution possible after {0}.
# no parameters required
FUN_SETTER_CANT_BE_VARIADIC=error;;;Variadic parameter is not allowed in setter declarations.
# no parameters required
FUN_SETTER_CANT_BE_DEFAULT=error;;;Default parameter is not allowed in setter declarations.
# no parameters required
FUN_PARAM_VARIADIC_ONLY_LAST=error;;;Only the last formal parameter can be variadic.
# 0: name of parameter
FUN_PARAM_IMPLICIT_DEFAULT_PARAM=warning;;;This parameter is changed to the default parameter ''{0}=undefined'' since it follows a default parameter.
# no parameter required
FUN_PARAM_VARIADIC_WITH_INITIALIZER=error;;;Variadic parameters must not have a default initializer.
# no parameter required
FUN_SINGLE_EXP_LAMBDA_IMPLICIT_RETURN_ALLOWED_UNLESS_VOID=error;;;An arrow-function is used in a context where its body is expected to have some value as opposed to being void.
# 0: type parameter name
FUN_UNUSED_GENERIC_TYPE_PARAM=warning;;;Type variable {0} not used in parameters or return type.

# no parameters required
KEY_SUP_INVALID_USAGE=error;;;Keyword super may only be used in member access expressions, call expressions or new expressions.
# no parameters required
KEY_SUP_ACCESS_INVALID_LOC=error;;;Super member access may only be used in constructors, methods, getters, or setters.
# no parameters required
KEY_SUP_ACCESS_NO_EXTENDS=error;;;Super member access requires a declared super type.
# no parameters required
KEY_SUP_ACCESS_INVALID_LOC_INTERFACE=error;;;Super member access may not be used in interfaces.
# no parameters required
KEY_SUP_ACCESS_FIELD=error;;;Super member access may not be used to access a field.
# no parameters required
KEY_SUP_CTOR_INVALID_LOC=error;;;Super calls may only be used in constructors.
# no parameters required
KEY_SUP_NEW_NOT_SUPPORTED=error;;;Keyword super with in expressions is not supported yet.
# no parameters required
KEY_SUP_NESTED=error;;;Super call must not be nested in function expressions.
# no parameters required
KEY_SUP_CTOR_EXPRSTMT=error;;;Super constructor call must no be used in a composed expression.
# 0: container in which super is nested (with line number).
KEY_SUP_CTOR_NESTED=error;;;Super constructor call must only be directly contained in constructor body, i.e. not nested in {0}.
# 0: container in which super is nested (with line number).
KEY_SUP_CTOR_INVALID_EXPR_BEFORE=error;;;Super constructor call must not be preceded by {0}.
# 0: super class name
KEY_SUP_REQUIRE_EXPLICIT_SUPERCTOR_CALL=error;;;Must explicitly invoke constructor of super class {0}.
# no parameters required
KEY_SUP_CALL_NO_INDEXACCESS=error;;;Super member access may not be used with index access.

# no parameters required
KEY_THIS_REJECTED_IN_TOP_LEVEL_LAMBDA=error;;;In a top-level arrow function, the 'this' keyword refers to nothing.

# no parameters required
EXP_OPTIONAL_INVALID_PLACE=error;;;The optional modifier isn't allowed here.
# 0: name of const variable
EXP_ASSIGN_CONST_VARIABLE=error;;;Const variable {0} is read-only.
# no parameters required
EXP_INDEXED_ACCESS_SYMBOL_INVALID=error;;;Indexed access with built-in symbols is only allowed for Symbol.iterator.
# no parameters required
EXP_INDEXED_ACCESS_SYMBOL_WRONG_TYPE=error;;;Access of property Symbol.iterator only allowed for instances of Iterable and immediate instances of Object.
# no parameters required
EXP_INDEXED_ACCESS_SYMBOL_READONLY=error;;;Access to property Symbol.iterator of an Iterable is read-only.
# no parameters required
EXP_INDEXED_ACCESS_ENUM=error;;;Indexed access is not allowed for enumerations.
# no parameters required
EXP_INDEXED_ACCESS_FORBIDDEN=error;;;Indexed access is only allowed for strings, arrays and iterables and for immediate(!) instances of Object.
# 0: index-key in indexed-access
EXP_INDEXED_ACCESS_COMPUTED_NOTFOUND=error;;;Member {0} not found.
# no parameters required
EXP_INDEXED_ACCESS_IMPL_RESTRICTION=error;;;Implementation restriction: member name clashes with compiler-internal, synthetic, mangled name.
# no parameters required
EXP_PROMISIFY_INVALID_USE=error;;;@Promisify may only be applied to a call expression with a @Promisifiable function or method as target.
# no parameters required
EXP_COMPUTED_PROP_NAME_DISCOURAGED=warning;;;Computed property name using an expression other than a compile-time expression; this property won't be type-checked at compile time.
# 0: detailed message
EXP_COMPILE_TIME_MANDATORY=error;;;Not a compile-time expression: {0}.


# 0: type names, submessage -- full message is a concatenation of these messages
COMP_SUBMESSAGES=error;;;{1} in {0}.

# 0: member name
UNI_UNCOMMON=error;;;Member {0} not present in all types of union or incompatible.
# 0: member name, 1: list of types in union that do not contain a member of that name
UNI_MISSING=error;;;Member {0} not present in all types of union; missing from: {1}.
# 0: either "getters" or "setters", 1: member name, 2: either "read-only" or "write-only"
UNI_INVALID_COMBINATION=error;;;Union combines fields and {0} with name {1} and therefore property {1} is {2}.
# 0: member name
UNI_INVALID_COMBINATION_SETTER_VS_READ_ONLY_FIELD=error;;;Union combines fields and setters with name {0} but still write-access is not allowed because one or more fields are read-only (const or @Final).
# 0: member name, 1: list of kinds
UNI_MULTIPLE_KINDS=error;;;Member {0} not of same kind in all types of union: {1}.
# 0: member name, 1: list of types
UNI_DIFFERENT_TYPES=error;;;Member {0} not of same type in all types of union: {1}.
# no parameters required
UNI_ANY_USED=warning;;;The use of the any type in a union type is discouraged.
# no parameters required
UNI_REDUNDANT_SUBTYPE=warning;;;The use of redundant subtypes is discouraged.


# no parameters required
INTER_ANY_USED=warning;;;The use of the any type in an intersection type is discouraged.
# no parameters required
INTER_ONLY_ONE_CLASS_ALLOWED=warning;;;An intersection type should not contain more than one class. Otherwise there cannot exist a value of such a type.
# no parameters required
INTER_REDUNDANT_SUPERTYPE=warning;;;The use of redundant supertypes is discouraged.
# 0: method member name, 1: list of kinds
INTER_MEMBER_TYPE_CONFLICT=error;;;Member method {0} is in conflict with non-method members in types of intersection: {1}.
# 0: member name
INTER_UNCOMMON=error;;;Member {0} is incompatible in types of intersection.

# no parameters required
ANN__ONLY_IN_N4JS=error;;;Annotations are a N4JS feature and cannot be used in JS mode.
# 0: annotation name
ANN_NOT_DEFINED=error;;;The annotation @{0} is not defined.
# 0: annotation name, 1: expected number of arguments, 2: actual number of arguments
ANN_WRONG_NUMBER_OF_ARGUMENTS=error;;;Wrong number of annotation arguments: @{0} expects {1} but got {2}.
# 0: annotation name, 1: expected type
ANN_WRONG_ARGUMENT_TYPE=error;;;The annotation @{0} expects a {1} here.
# 0: annotation name
ANN_DISALLOWED_AT_LOCATION=error;;;The annotation @{0} is disallowed for this location.
# 0: annotation name, 1: list of language variants
ANN_ONLY_ALLOWED_LOCATION_CONSTRUCTORS=error;;;The annotation @{0} may only be applied at a parameter of a constructor.
# 0: name of annotation (without @)
ANN_NON_REPEATABLE=error;;;Duplicate annotation of non-repeatable type @{0}.
# 0: name of annotation
ANN_UNNECESSARY=warning;;;Unnecessary @{0}.
# no parameters required
ANN_THIS_DISALLOWED_ON_STATIC_MEMBER_OF_INTERFACE=error;;;@This annotation not allowed on static members of interfaces.
# 0: member description, 1: description of containing type, 2: required type
ANN_THIS_NOT_SUBTYPE_OF_CONTAINING_TYPE=error;;;Declared @This type of {0} in {1} must be a subtype of {2}.
# no parameters required
ANN_POLY_STATIC_POLY_ONLY_IN_POLYFILL_MODULE=error;;;The annotation StaticPolyfill is only allowed in modules annotated as StaticPolyfillModule.
# no parameters required
ANN_POLY_AWARE_AND_MODULE_MUTUAL_EXCLUSIVE=error;;;A module cannot be annotated as filler and filling at the same time.
# no parameters required
ANN_PROMISIFIABLE_MISSING_CALLBACK=error;;;The annotation @Promisifiable is only allowed on functions/methods that take a function as a last argument (i.e. the callback).
# no parameters required
ANN_PROMISIFIABLE_BAD_CALLBACK_MORE_THAN_ONE_ERROR=error;;;The callback of a @Promisifiable function/method must not have more than one parameter of type Error.
# no parameters required
ANN_PROMISIFIABLE_BAD_CALLBACK_ERROR_NOT_FIRST_ARG=error;;;If the callback of a @Promisifiable function/method has a parameter of type Error, this parameter must be the first parameter.

# 0: annotation name
ANN_DISALLOWED_IN_NONDEFINTION_FILE=error;;;The annotation @{0} can only be applied in definition files.
# 0: annotation name
ANN_DISALLOWED_IN_NON_RUNTIME_COMPONENT=error;;;The annotation @{0} can only be applied in a runtime component.
# 0: bug id
ANN_UNUSED_IDEBUG=error;;;No matching error found, apparently bug IDEBUG-{0} has been fixed or does not occur here.
# 0: name of the violating annotation.
ANN_REQUIRES_TEST=error;;;Only methods annotated with @Test could be annotated with {0}.
# 0: annotation name, 1: list of language variants
ANN_ONL_ALLOWED_IN_VARIANTS=error;;;The annotation @{0} may only be applied in {1} files.


# 0: library name, 1: String of concatenated polyfilled things.
POLY_ERROR_IN_RUNTIMEDEPENDENCY=error;;;Erroneous library {0} provides contradicting polyfills for {1}.
# 0: String of concatenated library names, 1: String of concatenated polyfilled things.
POLY_CLASH_IN_RUNTIMEDEPENDENCY=error;;;The libraries {0} provide polyfills for the same element {1} and cannot be used together.
# 0: String of concatenated library names, 1: String of concatenated polyfilled things.
POLY_CLASH_IN_RUNTIMEDEPENDENCY_MULTI=error;;;The libraries {0} provide polyfills for the same elements {1}  and cannot be used together.
# 0: String of conflicting static-polyfilling modules.
POLY_CLASH_IN_STATIC_POLYFILL_MODULE=error;;;Only one module annotated with @@StaticPolyfillModule is allowed per project. Conflicting with {0}.
# no param
POLY_STATIC_POLYFILL_MODULE_ONLY_FILLING_CLASSES=error;;;Only top-level classes annotated as StaticPolyfill are allowed in a module annotated with StaticPolyfillModule.
# no param
POLY_IMPLEMENTING_INTERFACE_NOT_ALLOWED=error;;;The filling class cannot introduce additional interfaces; all interfaces must be declared on the filled class.

# doc: detected dependency cycle  0:String describing the cycle.
PROJECT_DEPENDENCY_CYCLE=error;;;The project configuration contains a dependency cycle of projects {0}.
# 0: ID of the non-existing project.
NON_EXISTING_PROJECT=error;;;Project does not exist with project ID: {0}.
# 0: ID of the non-existing project.
NON_REGISTERED_PROJECT=error;;;Project {0} is not registered.
# 0: ID of the non-existing project.
MISSING_YARN_WORKSPACE=error;;;Project depends on workspace project {0} which is missing in the node_modules folder. Either install project {0} or introduce a yarn workspace of both of the projects.
# 0: human readable name of the obsolete feature block.
OBSOLETE_BLOCK=warning;;;Obsolete {0} block.
# 0: project project ID, 1: human readable name of the project type, 2: human readable name of the feature.
INVALID_PROJECT_TYPE_REF=warning;;;Project {0} of type {1} cannot be declared among the {2}.
# 0: library project ID
INVALID_API_PROJECT_DEPENDENCY=warning;;;Library project {0} with an implementation ID cannot be declared among the dependencies of an API project.
# 0: violating feature/block name, 1: actual project type name
INVALID_FEATURE_FOR_PROJECT_TYPE=warning;;;{0} cannot be specified for {1} projects.
# 0: name used in duplicate
DUPLICATE_PROJECT_REF=error;;;Duplicate project reference {0}.
# 0: name of the containing folder, 1: name of the nested folder
OUTPUT_AND_SOURCES_FOLDER_NESTING=error;;;{0} must not be located inside {1}.
# no parameters required
PROJECT_REFERENCES_ITSELF=error;;;Project cannot reference itself.
# 0: the type of the deprecated project 1: alternatives
DEPRECATED_PROJECT_TYPE=warning;;;Project type ''{0}'' is deprecated and will be removed soon. {1}
# no parameters are required.
MISMATCHING_TESTED_PROJECT_TYPES=warning;;;Tested projects should have the same project type.
# 0: current project implementation ID, 1: the violating project's ID, 2: the implementation ID of the violating project
MISMATCHING_IMPLEMENTATION_ID=warning;;;Implementation ID mismatch. Current project belongs to ''{0}'' implementation while {1} project belongs to ''{2}'' implementation.
# 0: test library name
SRCTEST_NO_TESTLIB_DEP=error;;;Project with source folder of type test should depend on {0}.
# 0: ID of the violating transitive external project dependency, 1: ID of the workspace project that is required by an external one.
EXTERNAL_PROJECT_REFERENCES_WORKSPACE_PROJECT=warning;;;Transitive external project dependency of project ''{0}'' requires a workspace project ''{1}''. Current project setup could result in runtime oddities. It is highly recommended to import project ''{0}'' into workspace as well.
# 0: project type of containing project
INVALID_FILE_TYPE_FOR_PROJECT_TYPE=error;;;An n4js file may not be contained in a project of type ''{0}''.
# 0: resource name
NO_PROJECT_FOUND=warning;;;No project found for resource {0}.
# 0: part of the specifier that contains a dot, 1: the module specifier
MOD_NAME_MUST_NOT_CONTAIN_DOTS=error;;;{0} of this module contain(s) the disallowed character ''.'' : ''{1}''.
# 0: dependency name, 1: required version, 2: present version
NO_MATCHING_VERSION=error;;;Project {0} is required in version {1}, but only version {2} is present.
# 0: {shadowing | }, 1: { shadowed | }, 2: dependency name, 3: required version, 4: present version
NO_MATCHING_VERSION_SHADOWING=warning;;;This {0}project requires {1}project {2} in version {3}, but only version {4} is present.
# doc: checks if the module specifier wildcard can be resolved to an existing resource (not applied for implementation provided by runtime), spec: Component/Manifest/ModuleSpecifier-Constraint, 0: the module specifier
NON_EXISTING_MODULE_SPECIFIER=warning;;;Module specifier {0} doesn't exist.
# doc: checks for invalid wildcards, spec: Component/Manifest/ModuleSpecifierWildcardConstraints, 0: the invalid part of the wild card
INVALID_WILDCARD=error;;;"{0}" isn't a valid character sequence in a wild card.
# doc: disallow relative navigation, spec: Component/Manifest/ModuleSpecifierWildcardConstraints, no parameters required
NO_RELATIVE_NAVIGATION=error;;;Relative navigation isn't allowed in a module specifier.
# doc: disallow switching off semantic validation for n4js files, spec: Component/Manifest/ModuleSpecifier-Constraint, 0: module filter type (e.g. noValidate)
DISALLOWED_NO_VALIDATE_FOR_N4JS=error;;;{0} paths shouldn't match n4js files.

# 0: sub description, 1: extend/implement, 2: super description, 3: implements/extends
SYN_KW_EXTENDS_IMPLEMENTS_MIXED_UP=error;;;The {0} cannot {1} {2}, use "{3}".
# no parameters required
SYN_KW_EXTENDS_IMPLEMENTS_WRONG_ORDER=error;;;Extended class must be declared before implemented interfaces.
# 0: class description, 1: keyword, 2: super description
CLF_WRONG_META_TYPE=error;;;The {0} cannot {1} {2}.
# 0: modifier name, 1: type of element that may not have this modifier (e.g. 'class', 'interface', etc.)
SYN_MODIFIER_INVALID=error;;;Modifier {0} is not allowed on a {1}.
# 0: modifier name
SYN_MODIFIER_DUPLICATE=error;;;Duplicate modifier {0}.
# no parameters required
SYN_MODIFIER_ACCESS_SEVERAL=error;;;Only a single access modifier may be provided.
# 0: modifiers in correct order
SYN_MODIFIER_BAD_ORDER=error;;;Modifiers should appear in this order: {0}.

# no parameters required
DESTRUCT_EMPTY_PATTERN=error;;;Empty destructuring pattern (disallowed for time being, since ES6 implementations have different semantics).
# 0: name of missing property, 1: type of value to be destructured
DESTRUCT_PROP_MISSING=error;;;Value to be destructured does not contain a property, field or getter named "{0}": {1}.
# 0: name of property that returned AbstractDescriptionWithError, 1: error message
DESTRUCT_PROP_WITH_ERROR=error;;;Property named "{0}" is not readable: {1}.
# 0: name of variable, 1: "at index N" or "of property NAME", 2: error message from type system (must not end in a dot!)
DESTRUCT_TYPE_ERROR_VAR=error;;;Variable {0} cannot hold destructured value {1}: {2}.
# 0: kind of destructuring pattern ("Array" or "Object" or "Nested array" or "Nested object"), 1: "destructured value at index N" or "destructured value of property NAME", 2: error message from type system (must not end in a dot!)
DESTRUCT_TYPE_ERROR_PATTERN=error;;;{0} destructuring pattern cannot be applied to {1}: {2}.

### Dependency Injection
# 0: type name, 1: additional description identifying the place of the violating context (name of the member/parameter)
DI_NOT_INJECTABLE=error;;;Type {0} is not injectable {1}: only user-defined, non-generic, nominally typed interfaces and classes are allowed.
# no parameters are required
DI_VARARGS_NOT_INJECTABLE=error;;;Injection of parameters that are variadic or optional is not supported.
# 0: type name
DI_MUST_BE_INJECTED=warning;;;Type {0} must be injected, because it contains or inherits one or more members annotated with @Inject.
# 0: annotation name, 1: name of required annotation on containing class
DI_ANN_ONLY_ON_CLASS_ANNOTATED_WITH=error;;;The annotation @{0} is only allowed on classes annotated with @{1}.
# 0: annotation name, 1: name of required annotation on containing class
DI_ANN_ONLY_ON_METHOD_IN_CLASS_ANNOTATED_WITH=error;;;The annotation @{0} is only allowed on methods contained in a class annotated with @{1}.
# 0: annotation name, 1: name of required annotation on argument class
DI_ANN_ARG_MUST_BE_ANNOTATED_WITH=error;;;Argument to annotation @{0} must be a class annotated with @{1}.
# 0: the name of the violating annotation.
DI_ANN_BIND_SECOND_MUST_BE_SUBTYPE_FIRST=error;;;Second argument to @{0} must be a subtype of the first.
# no parameters required
DI_ANN_PROVIDES_METHOD_MUST_RETURN_VALUE=error;;;A provider method must return a value.
# no parameters required
DI_ANN_INTERFACE_INJECTION_NOT_SUPPORTED=error;;;Injection inside interfaces is not supported.
# no parameters required
DI_ANN_INJECTOR_EXTENDS=error;;;Classes annotated with @GenerateInjector cannot extend other class.
# 0: the binded type name
DI_ANN_BIND_SINGLETON_TARGET_SHOULD_BE_DEFINED_AS_SINGLETON=error;;;{0} can be defined as a singleton if it is annotated with @Singleton on the definition site.
# no parameters required
DI_ANN_INJECTOR_CANNOT_BE_INJECTED_INTO_INJECTOR=error;;;Types annotated with @GenerateInjector cannot be injected. Use @WithParentInjector instead for creating nested injectors.
# 0: the cyclic graph as a string
DI_ANN_USE_INJECTOR_CYCLE=error;;;A cycle was detected among the parent injectors: {0}.
# 0: the name of the unavailable field
DI_FIELD_IS_NOT_INJECTED_YET=error;;;{0} is not yet injected at this point.
# 0: super class type name, 1: violating type name
DI_CTOR_BREAKS_INJECTION_CHAIN=warning;;;Constructor at super class {0} is annotated with @Inject. Omitting the @Inject annotation from constructor at class {1} could break injection chain.
# no parameters required
DI_ANN_BINDER_NOT_APPLICABLE=error;;;Annotation @Binder is applicable only for (exported) non-abstract class definitions.
# no parameters required
DI_ANN_BINDER_AND_INJECTOR_DONT_GO_TOGETHER=error;;;Annotations @Binder and @GenerateInjector may not be applied both on the same class definition.
# no parameters required
DI_ANN_DUPLICATE_BINDING=error;;;Duplicate @Binding-s (two different bindings share the same key, for the same @Binder).
# no parameters required
DI_ANN_BIND_ABSTRACT_TARGET=error;;;The target of a @Binding must be a non-abstract class.
# no parameters required
DI_ANN_INJECT_METHOD_NOT_SUPPORTED_YET=error;;;Method injection not supported yet.
# no parameters required
DI_ANN_BINDER_EXTENDS=error;;;Classes annotated with @Binder may not extend another class.
# no parameters required
DI_ANN_INJECTOR_CTOR_MUST_BE_INJECT=error;;;The constructor of an injector must itself be injected unless it declares no parameters.
# no parameters required
DI_ANN_INJECTOR_REQUIRED=error;;;Only types annotated with @GenerateInjector can be used here.
# 0: list of missing binders (as a list of type names)
DI_ANN_MISSING_PROVIDED_BINDERS=error;;;No binders are provided (third param for this callsite). The following binders are used by the injector and themselves require injection: {0}.
# no parameters required
DI_ANN_INJECTOR_MISSING=error;;;An instance of N4Injector is required here.
# 0: list of missing binders (as a list of type names)
DI_ANN_MISSING_NEEDED_BINDERS=error;;;Instances are missing for the following binders (they are used by the injector and themselves require injection): {0}.
# no parameters required
DI_API_INJECTED=error;;;The class being instantiated (or one of its super-types) has been marked @Injected in an API project.
# no parameters required
DI_ANN_INJECTED_NOT_APPLICABLE=error;;;@Injected annotates a class (abstract or not) defined in an API project.


### JSX
# 0: name of opening JSX element, 1: name of closing JSX element
JSX_JSXELEMENT_OPENING_CLOSING_ELEMENT_NOT_MATCH=error;;;Opening element {0} does not match with closing element {1}.
# 0: name of the type JSX element is binding to
JSX_REACT_ELEMENT_NOT_FUNCTION_OR_CLASS_ERROR=error;;;JSX element is expected to bind to either a function or class, but bind to type {0} instead.
# 0: name of the return type of the function that JSX element is binding to
JSX_REACT_ELEMENT_FUNCTION_NOT_REACT_ELEMENT_ERROR=error;;;Expect a function returning React.Element but the return type is {0}.
# no argument
JSX_REACT_ELEMENT_CLASS_NOT_REACT_ELEMENT_ERROR=error;;;The referred class is not a subtype of React.Component
# 0: name of the function that JSX element is binding to
JSX_REACT_FUNCTIONAL_COMPONENT_CANNOT_START_WITH_LOWER_CASE=error;;;React functional component {0} cannot start with lower case.
# 0: name of the class that JSX element is binding to
JSX_REACT_CLASS_COMPONENT_CANNOT_START_WITH_LOWER_CASE=error;;;React class component {0} cannot start with lower case.
# 0: name of JSX element is binding to
JSX_JSXELEMENT_NOT_BIND_TO_REACT_COMPONENT=error;;;JSX element {0} does not bind to any valid React component.
# 0: name of JSX element is binding to
JSX_TAG_UNKNOWN=warning;;;Tag {0} is neither a known HTML tag nor an SVG tag.
# 0: name of JSX property
JSX_JSXPROPERTY_ATTRIBUTE_NON_OPTIONAL_PROPERTY_NOT_SPECIFIED=error;;;Non-optional property {0} should be specified.
# 0: The name of  attribute in spread operator, 1: type of the attribute, 2: the declared type of the corresponding property in "props"
JSX_JSXSPREADATTRIBUTE_WRONG_SUBTYPE=error;;;Attribute {0} has wrong type because {1} not subtype of {2}.
# 0: The name of attribute in spread operator, 1: name of JSX element
JSX_JSXSPREADATTRIBUTE_NOT_DECLARED_IN_PROPS=warning;;;Attribute {0} is not a declared property in the props of {1}.
# 0: The name of attribute in JSX property, 1: name of JSX element
JSX_JSXSPROPERTYATTRIBUTE_NOT_DECLARED_IN_PROPS=warning;;;Attribute {0} is not a declared property in the props of {1}.
# 0: JSX element in non-JSX file
JSX_JSXELEMENT_IN_NON_JSX_RESOURCE=error;;;JSX element is expected to be placed in JSX like resource, was {0}.
# No parameter
JSX_REACT_NAMESPACE_NOT_ALLOWED=error;;;Namespace to react must be React.
# No parameter
JSX_REACT_NOT_RESOLVED=error;;;Cannot resolve JSX implementation.
# No parameter
JSX_NAME_CANNOT_BE_REACT=error;;;Element cannot be named React in N4JSX file.

### THIRD PARTY
# no parameters required
THIRD_PARTY_BABEL_LET_CONST_IN_FUN_EXPR=warning;;;This code is prone to Babel bug #6302. If you use Babel in your build pipeline, you should rename this let/const or the containing function expression.

### N4IDL
# 0: requested version, 1: maximal context version
IDL_INVALID_VERSION=error;;;Requested version {0} exceeds the maximal version {1} of the current context.
# 0: The name of the JavaScript variant
IDL_VERSIONED_TYPES_NOT_SUPPORTED=error;;;Versioned types are not supported in {0} files.
# no parameters required
IDL_EXPLICIT_VERSION_DECLARATION_NOT_ALLOWED=error;;;The explicit declaration of type version requests is only allowed in functions/classifiers annotated as @Migration or @VersionAware.
# 0: element whose type version cannot be inferred implicitly (context version)
IDL_FAILED_TO_INFER_CONTEXT_VERSION=error;;;Failed to infer the context version for {0}. Please declare an explicit type version.
# 0: element type description (e.g. class), 1: element name
IDL_VERSIONED_ELEMENT_MISSING_VERSION=error;;;The {0} {1} must explicitly declare a version.
# 0: element type and name description (e.g. "class A"), 1: current variant name
IDL_VERSION_AWARE_ELEMENT_ONLY_REF_FROM_VARIANTS=error;;;The version-aware {0} can only be referenced from {1} files.
# 0: element type and name description (e.g. "class A") 
IDL_ELEMENT_CAN_ONLY_BE_REFERENCED_FROM_VA_CONTEXT=error;;;The version-aware {0} can only be referenced from version-aware contexts.
# No parameters
IDL_VERSION_AWARE_CLASSIFIER_MUST_NOT_DECLARE_VERSION=error;;;Classifiers annotated as @VersionAware must not declare a version.
# No parameters 
IDL_MIGRATION_MUST_DECLARE_IN_AND_OUTPUT=error;;;Migrations must declare at least one parameter and a (non-void) return value.
# No parameters
IDL_MIGRATION_MUST_EXPLICITLY_DECLARE_RETURN_TYPE=error;;;Migrations must explicitly declare a return type.
# 0: version type (source or target), 1: migration name, 2: location (parameters or return type)
IDL_MIGRATION_VERSION_CANNOT_BE_INFERRED=error;;;The {0} version of migration {1} cannot be inferred.
# 0: version type ("source" or "target"), 1: migration name
IDL_MIGRATION_AMBIGUOUS_VERSION=error;;;The {0} version of migration {1} is ambiguous.
# 0: migration name, 1: version
IDL_MIGRATION_SAME_SOURCE_AND_TARGET_VERSION=error;;;The migration {0} migrates from and to the same model version {1}. 
# 0: migration arguments, 1: target version, 2: candidates clause if existent
IDL_MIGRATION_NO_MATCHING_CANDIDATE=error;;;Could not find a matching migration candidate for arguments {0} and target version {1}. {2}
# 0: migration name, 1: migration arguments, 2: target version, 3: conflicting migrations clause (e.g. "migrations A,B,C" or "migration A")
IDL_MIGRATION_CONFLICT_WITH=error;;;Migration {0} with arguments{1} and target version {2} conflicts with {3}.
# no parameters
IDL_MIGRATION_SIGNATURE_NO_COMPOSED_TYPES=error;;;Migrations must not specify composed types (union or intersection) as source or target types.
# 0: list of migration candidates
IDL_MIGRATE_CALL_AMBIGUOUS=warning;;;Cannot un-ambiguously resolve the migration to handle this migrate call. Candidates are {0}.
# no parameters
IDL_MIGRATION_NO_EXPLICIT_CONTEXT_PARAMETER=error;;;Migrations must not explicitly declare a MigrationContext parameter. The MigrationContext is always implicit (access via context).
# no parameters
IDL_MIGRATION_HAS_PRINCIPAL_ARGUMENT=error;;;Migrations must declare at least one versioned source type.
# 0: description of the unsupported migration parameter type ref
IDL_MIGRATION_UNSUPPORTED_PARAMETER_TYPE=error;;;Unsupported migration parameter type {0}.


### N4JS package.json
# no parameters
PKGJ_MISSING_DEPENDENCY_N4JS_RUNTIME=error;;;Missing dependency to 'n4js-runtime' (mandatory for all N4JS projects of type library, application, test).
# no parameters
PKGJ_WRONG_DEPENDENCY_N4JS_RUNTIME=error;;;Dependency to 'n4js-runtime' should be defined below key "dependencies", not "devDependencies".
# 0: The package name without scope, as declared in the package.json, 1: project folder name
PKGJ_PACKAGE_NAME_MISMATCH=error;;;The package name "{0}" does not match the name of the project folder "{1}" on the file system.
# 0: The scope name, as declared in the package.json, 1: parent folder name
PKGJ_SCOPE_NAME_MISMATCH=error;;;The scope name "{0}" does not match the name of the project folder's parent folder "{1}" on the file system.
# 0: the package.json name, 1: the workspace project name
PKGJ_PROJECT_NAME_ECLIPSE_MISMATCH=error;;;The package name "{0}" does not match project name "{1}" used in the Eclipse workspace.
# 0: The project name without scope
PKGJ_INVALID_PROJECT_NAME=error;;;The name "{0}" is not a valid package name.
# 0: The scope name
PKGJ_INVALID_SCOPE_NAME=error;;;The name "{0}" is not a valid scope name.
# 0: Invalid source container type name
PKGJ_INVALID_SOURCE_CONTAINER_TYPE=error;;;Invalid source container type "{0}".
# 0: the non-existing path
PKGJ_NON_EXISTING_PATH=error;;;Path {0} does not exist.
# no parameters
PKGJ_EMPTY_SOURCE_PATH=error;;;Source container paths must not be empty.
# 0: the non-existing source container path
PKGJ_NON_EXISTING_SOURCE_PATH=warning;;;Source container path {0} does not exist.
# 0: the path 1: 'in'-clause with leading space (e.g. " in external, test")
PKGJ_DUPLICATE_SOURCE_CONTAINER=warning;;;Duplicate path "{0}" has already been declared as source container{1}.
# 0: the container source path
PKGJ_NESTED_SOURCE_CONTAINER=error;;;A source container must not be nested within other source containers (nested in {0})
# no parameters
PKGJ_NO_OUTPUT_FOLDER=error;;;There is no output folder defined, so compilation isn't possible.
# 0: the invalid path
PKGJ_INVALID_PATH=error;;;"{0}" is not a valid path.
# 0: the absolute path
PKGJ_INVALID_ABSOLUTE_PATH=error;;;Path "{0}" must not be absolute.
# 0: the non-directory path
PKGJ_EXPECTED_DIRECTORY_PATH=error;;;Path "{0}" does not point to a directory.
# 0: the non-existing main module specifier
PKGJ_NON_EXISTING_MAIN_MODULE=error;;;Main module specifier {0} does not exist.
# 0: invalid module filter type, 1: all valid module filter types
PKGJ_INVALID_MODULE_FILTER_TYPE=error;;;Invalid module filter type "{0}". Valid filter types are {1}.
# 0: invalid module specifier
PKGJ_INVALID_MODULE_FILTER_SPECIFIER=error;;;Invalid module specifier. Use simple strings or object syntax instead.
# no parameters
PKGJ_INVALID_MODULE_FILTER_SPECIFIER_EMPTY=error;;;The filter specifier and declared source container must not be empty.
# no parameters
PKGJ_DUPLICATE_MODULE_FILTER_SPECIFIER=error;;;Duplicate module filter specifier.
# no parameters
PKGJ_SRC_IN_FILTER_IS_NO_DECLARED_SOURCE=error;;;The given source container "{0}" has not been declared as source container.
# 0: the invalid part of a wildcard
PKGJ_INVALID_WILDCARD=error;;;"{0}" is not a valid character sequence in a wildcard.
# no parameters
PKGJ_NO_RELATIVE_NAVIGATION=error;;;Relative navigation is not allowed in a module filter specifier.
# 0: the module filter specifier
PKGJ_MODULE_FILTER_DOES_NOT_MATCH=warning;;;Module filter "{0}" does not match any modules.
# 0: module filter type (e.g. noValidate)
PKGJ_FILTER_NO_N4JS_MATCH=error;;;Module filters of type {0} must not match N4JS modules/files.
# no parameters
PKGJ_APIIMPL_MISSING_IMPL_PROJECTS=error;;;When defining an implementation ID, you also have to define one or more API projects that are implemented by this project using property 'n4js.implementedProjects'.
# no parameters
PKGJ_APIIMPL_REFLEXIVE=error;;;An implementation project may not implement itself.
# no parameters required
PKGJ_APIIMPL_MISSING_IMPL_ID=error;;;When defining one or more implemented projects, you also have to define an implementation ID, using property "implementationId".
# 0: invalid project type 
PKGJ_INVALID_PROJECT_TYPE=error;;;Invalid project type "{0}".
# 0: project id 1: section label (e.g. required runtime libraries)
PKGJ_PROJECT_REFERENCE_MUST_BE_DEPENDENCY=error;;;The project reference {0} in {1} must also be declared as explicit project dependency in 'dependencies' or 'devDependencies'.
# 0: message
PKGJ_SEMVER_ERROR=error;;;{0}
# 0: message
PKGJ_SEMVER_WARNING=warning;;;{0}
# 0: version number string representation, 1: reason
PKGJ_INVALID_VERSION_NUMBER=error;;;Invalid version number "{0}": {1}.
# 0: version constraint string representation, 1: reason
PKGJ_INVALID_VERSION_REQUIREMENT=warning;;;Invalid version requirement "{0}": {1}. Will assume empty string.
# 0: project type
PKGJ_PROJECT_TYPE_MANDATORY_OUTPUT_AND_SOURCES=error;;;Projects of type {0} must always declare an output folder and at least one source container.
# no parameters
PKGJ_EMPTY_PROJECT_REFERENCE=error;;;A project reference must not be empty.
# no parameters
PKGJ_EMPTY_INIT_MODULE=error;;;An init module specifier must not be empty.
# 0: project type, 1: empty or 'not ', 2: property name
PKGJ_DEFINES_PROPERTY=error;;;A project of type "{0}" must {1}define the property "{2}".
# 0: property name
PKGJ_PROPERTY_UNKNOWN=warning;;;Property "{0}" is unknown.
# 0: implementation project name, 1: type definition project name
PKGJ_IMPL_PROJECT_IS_MISSING_FOR_TYPE_DEF=warning;;;The implementation project {0} of type definition project {1} is missing from the dependencies section.
